#
# There is insufficient memory for the Java Runtime Environment to continue.
# Native memory allocation (malloc) failed to allocate 1048576 bytes for AllocateHeap
# Possible reasons:
#   The system is out of physical RAM or swap space
#   In 32 bit mode, the process size limit was hit
# Possible solutions:
#   Reduce memory load on the system
#   Increase physical memory or swap space
#   Check if swap backing store is full
#   Use 64 bit Java on a 64 bit OS
#   Decrease Java heap size (-Xmx/-Xms)
#   Decrease number of Java threads
#   Decrease Java thread stack sizes (-Xss)
#   Set larger code cache with -XX:ReservedCodeCacheSize=
# This output file may be truncated or incomplete.
#
#  Out of Memory Error (memory/allocation.inline.hpp:61), pid=4876, tid=0x00000000000027d4
#
# JRE version:  (8.0_191-b12) (build )
# Java VM: Java HotSpot(TM) 64-Bit Server VM (25.191-b12 mixed mode windows-amd64 compressed oops)
# Failed to write core dump. Minidumps are not enabled by default on client versions of Windows
#

---------------  T H R E A D  ---------------

Current thread (0x0000000002d84800):  JavaThread "Unknown thread" [_thread_in_vm, id=10196, stack(0x00000000029d0000,0x0000000002ad0000)]

Stack: [0x00000000029d0000,0x0000000002ad0000]
[error occurred during error reporting (printing stack bounds), id 0xc0000005]

Native frames: (J=compiled Java code, j=interpreted, Vv=VM code, C=native code)


---------------  P R O C E S S  ---------------

Java Threads: ( => current thread )

Other Threads:

=>0x0000000002d84800 (exited) JavaThread "Unknown thread" [_thread_in_vm, id=10196, stack(0x00000000029d0000,0x0000000002ad0000)]

VM state:not at safepoint (normal execution)

VM Mutex/Monitor currently owned by a thread: None

Heap:
 PSYoungGen      total 37888K, used 655K [0x00000000d6380000, 0x00000000d8d80000, 0x0000000100000000)
  eden space 32768K, 2% used [0x00000000d6380000,0x00000000d6423d80,0x00000000d8380000)
  from space 5120K, 0% used [0x00000000d8880000,0x00000000d8880000,0x00000000d8d80000)
  to   space 5120K, 0% used [0x00000000d8380000,0x00000000d8380000,0x00000000d8880000)
 ParOldGen       total 86016K, used 0K [0x0000000082a00000, 0x0000000087e00000, 0x00000000d6380000)
  object space 86016K, 0% used [0x0000000082a00000,0x0000000082a00000,0x0000000087e00000)
 Metaspace       used 775K, capacity 4480K, committed 4480K, reserved 1056768K
  class space    used 76K, capacity 384K, committed 384K, reserved 1048576K

Card table byte_map: [0x0000000012240000,0x0000000012630000] byte_map_base: 0x0000000011e2b000

Marking Bits: (ParMarkBitMap*) 0x000000005b1c3e30
 Begin Bits: [0x00000000130d0000, 0x0000000015028000)
 End Bits:   [0x0000000015028000, 0x0000000016f80000)

Polling page: 0x0000000000c40000

CodeCache: size=245760Kb used=328Kb max_used=328Kb free=245431Kb
 bounds [0x0000000002e80000, 0x00000000030f0000, 0x0000000011e80000]
 total_blobs=58 nmethods=0 adapters=38
 compilation: enabled

Compilation events (0 events):
No events

GC Heap History (0 events):
No events

Deoptimization events (0 events):
No events

Classes redefined (0 events):
No events

Internal exceptions (0 events):
No events

Events (10 events):
Event: 0.040 loading class java/lang/Short
Event: 0.040 loading class java/lang/Short done
Event: 0.040 loading class java/lang/Integer
Event: 0.041 loading class java/lang/Integer done
Event: 0.041 loading class java/lang/Long
Event: 0.041 loading class java/lang/Long done
Event: 0.042 loading class java/lang/NullPointerException
Event: 0.042 loading class java/lang/NullPointerException done
Event: 0.042 loading class java/lang/ArithmeticException
Event: 0.042 loading class java/lang/ArithmeticException done


Dynamic libraries:
0x00007ff67cf30000 - 0x00007ff67cf67000 	C:\Program Files\Java\jdk1.8.0_191\bin\java.exe
0x00007ffb93770000 - 0x00007ffb93951000 	C:\Windows\SYSTEM32\ntdll.dll
0x00007ffb930b0000 - 0x00007ffb93162000 	C:\Windows\System32\KERNEL32.DLL
0x00007ffb8fc10000 - 0x00007ffb8fe83000 	C:\Windows\System32\KERNELBASE.dll
0x00007ffb90d30000 - 0x00007ffb90dd1000 	C:\Windows\System32\ADVAPI32.dll
0x00007ffb934e0000 - 0x00007ffb9357e000 	C:\Windows\System32\msvcrt.dll
0x00007ffb93580000 - 0x00007ffb935db000 	C:\Windows\System32\sechost.dll
0x00007ffb90c00000 - 0x00007ffb90d24000 	C:\Windows\System32\RPCRT4.dll
0x00007ffb92e20000 - 0x00007ffb92fb0000 	C:\Windows\System32\USER32.dll
0x00007ffb8fbf0000 - 0x00007ffb8fc10000 	C:\Windows\System32\win32u.dll
0x00007ffb93180000 - 0x00007ffb931a8000 	C:\Windows\System32\GDI32.dll
0x00007ffb90350000 - 0x00007ffb904e2000 	C:\Windows\System32\gdi32full.dll
0x00007ffb90180000 - 0x00007ffb9021f000 	C:\Windows\System32\msvcp_win.dll
0x00007ffb90080000 - 0x00007ffb9017a000 	C:\Windows\System32\ucrtbase.dll
0x00007ffb83dc0000 - 0x00007ffb84029000 	C:\Windows\WinSxS\amd64_microsoft.windows.common-controls_6595b64144ccf1df_6.0.17134.523_none_fb409dd930672a56\COMCTL32.dll
0x00007ffb91400000 - 0x00007ffb91722000 	C:\Windows\System32\combase.dll
0x00007ffb90270000 - 0x00007ffb902ea000 	C:\Windows\System32\bcryptPrimitives.dll
0x00007ffb90f80000 - 0x00007ffb90fad000 	C:\Windows\System32\IMM32.DLL
0x000000005b250000 - 0x000000005b322000 	C:\Program Files\Java\jdk1.8.0_191\jre\bin\msvcr100.dll
0x000000005a9a0000 - 0x000000005b244000 	C:\Program Files\Java\jdk1.8.0_191\jre\bin\server\jvm.dll
0x00007ffb90e80000 - 0x00007ffb90e88000 	C:\Windows\System32\PSAPI.DLL
0x00007ffb84630000 - 0x00007ffb84639000 	C:\Windows\SYSTEM32\WSOCK32.dll
0x00007ffb89a20000 - 0x00007ffb89a2a000 	C:\Windows\SYSTEM32\VERSION.dll
0x00007ffb8ba20000 - 0x00007ffb8ba43000 	C:\Windows\SYSTEM32\WINMM.dll
0x00007ffb92db0000 - 0x00007ffb92e1c000 	C:\Windows\System32\WS2_32.dll
0x00007ffb8b9f0000 - 0x00007ffb8ba1a000 	C:\Windows\SYSTEM32\winmmbase.dll
0x00007ffb90220000 - 0x00007ffb90269000 	C:\Windows\System32\cfgmgr32.dll
0x000000005c2c0000 - 0x000000005c2cf000 	C:\Program Files\Java\jdk1.8.0_191\jre\bin\verify.dll
0x000000005a970000 - 0x000000005a999000 	C:\Program Files\Java\jdk1.8.0_191\jre\bin\java.dll
0x000000005a7f0000 - 0x000000005a813000 	C:\Program Files\Java\jdk1.8.0_191\jre\bin\instrument.dll
0x000000005a950000 - 0x000000005a966000 	C:\Program Files\Java\jdk1.8.0_191\jre\bin\zip.dll

VM Arguments:
jvm_args: -ea -Didea.test.cyclic.buffer.size=1048576 -javaagent:C:\Program Files\JetBrains\IntelliJ IDEA Community Edition 2018.3.1\lib\idea_rt.jar=49908:C:\Program Files\JetBrains\IntelliJ IDEA Community Edition 2018.3.1\bin -Dfile.encoding=UTF-8 
java_command: org.testng.RemoteTestNGStarter -usedefaultlisteners false -socket49907 @w@D:\Windows\Temp\idea_working_dirs_testng.tmp -temp D:\Windows\Temp\idea_testng.tmp
java_class_path (initial): C:\Program Files\JetBrains\IntelliJ IDEA Community Edition 2018.3.1\lib\idea_rt.jar;C:\Program Files\JetBrains\IntelliJ IDEA Community Edition 2018.3.1\plugins\testng\lib\testng-plugin.jar;C:\Program Files\Java\jdk1.8.0_191\jre\lib\charsets.jar;C:\Program Files\Java\jdk1.8.0_191\jre\lib\deploy.jar;C:\Program Files\Java\jdk1.8.0_191\jre\lib\ext\access-bridge-64.jar;C:\Program Files\Java\jdk1.8.0_191\jre\lib\ext\cldrdata.jar;C:\Program Files\Java\jdk1.8.0_191\jre\lib\ext\dnsns.jar;C:\Program Files\Java\jdk1.8.0_191\jre\lib\ext\jaccess.jar;C:\Program Files\Java\jdk1.8.0_191\jre\lib\ext\jfxrt.jar;C:\Program Files\Java\jdk1.8.0_191\jre\lib\ext\localedata.jar;C:\Program Files\Java\jdk1.8.0_191\jre\lib\ext\nashorn.jar;C:\Program Files\Java\jdk1.8.0_191\jre\lib\ext\sunec.jar;C:\Program Files\Java\jdk1.8.0_191\jre\lib\ext\sunjce_provider.jar;C:\Program Files\Java\jdk1.8.0_191\jre\lib\ext\sunmscapi.jar;C:\Program Files\Java\jdk1.8.0_191\jre\lib\ext\sunpkcs11.jar;C:\Program Files\Java\jdk1.8.0_191\jre\lib\ext\zipfs.jar;C:\Program Files\Java\jdk1.8.0_191\jre\lib\javaws.jar;C:\Program Files\Java\jdk1.8.0_191\jre\lib\jce.jar;C:\Program Files\Java\jdk1.8.0_191\jre\lib\jfr.jar;C:\Program Files\Java\jdk1.8.0_191\jre\lib\jfxswt.jar;C:\Program Files\Java\jdk1.8.0_191\jre\lib\jsse.jar;C:\Program Files\Java\jdk1.8.0_191\jre\lib\management-agent.jar;C:\Program Files\Java\jdk1.8.0_191\jre\lib\plugin.jar;C:\Program Files\Java\jdk1.8.0_191\jre\lib\resources.jar;C:\Program Files\Java\jdk1.8.0_191\jre\lib\rt.jar;D:\Idea\tests\IssueTracker\target\test-classes;D:\Idea\tests\IssueTracker\target\classes;C:\Users\nsusz\.m2\repository\junit\junit\4.11\junit-4.11.jar;C:\Users\nsusz\.m2\repository\org\hamcrest\hamcrest-core\1.3\hamcrest-core-1.3.jar;C:\Users\nsusz\.m2\repository\org\seleniumhq\selenium\selenium-java\3.141.59\selenium-java-3.141.59.jar;C:\Users\nsusz\.m2\repository\org\seleniumhq\selenium\selenium-api\3.141.59\selenium-api-3.141.59.jar;C:\Users\nsusz\.m2\r
Launcher Type: SUN_STANDARD

Environment Variables:
JAVA_HOME=C:\Program Files\Java\jdk1.8.0_191
PATH=C:\Program Files (x86)\Common Files\Oracle\Java\javapath;C:\Windows\system32;C:\Windows;C:\Windows\System32\Wbem;C:\Windows\System32\WindowsPowerShell\v1.0\;C:\Windows\System32\OpenSSH\;C:\Program Files (x86)\NVIDIA Corporation\PhysX\Common;D:\Program Files\Git\cmd;D:\Program Files\nodejs\;D:\Users\nsusz\AppData\Local\Programs\Python\Python37\Scripts\;D:\Users\nsusz\AppData\Local\Programs\Python\Python37\;C:\Users\nsusz\AppData\Local\Microsoft\WindowsApps;C:\Program Files\JetBrains\IntelliJ IDEA Community Edition 2018.3.1\bin;C:\Program Files\Java\jdk1.8.0_191\bin;D:\Users\nsusz\jars\maven\bin;D:\Program Files\JetBrains\WebStorm 2018.3.5\bin;C:\Users\nsusz\AppData\Roaming\npm;C:\Users\nsusz\AppData\Local\GitHubDesktop\bin
USERNAME=nsusz
OS=Windows_NT
PROCESSOR_IDENTIFIER=Intel64 Family 6 Model 60 Stepping 3, GenuineIntel



---------------  S Y S T E M  ---------------

OS: Windows 10.0 , 64 bit Build 17134 (10.0.17134.1)

CPU:total 8 (initial active 8) (4 cores per cpu, 2 threads per core) family 6 model 60 stepping 3, cmov, cx8, fxsr, mmx, sse, sse2, sse3, ssse3, sse4.1, sse4.2, popcnt, avx, avx2, aes, clmul, erms, lzcnt, ht, tsc, tscinvbit, bmi1, bmi2

Memory: 4k page, physical 8209384k(2573712k free), swap 12403688k(5264k free)

vm_info: Java HotSpot(TM) 64-Bit Server VM (25.191-b12) for windows-amd64 JRE (1.8.0_191-b12), built on Oct  6 2018 09:29:03 by "java_re" with MS VC++ 10.0 (VS2010)

time: Wed Mar 06 02:07:20 2019
elapsed time: 0 seconds (0d 0h 0m 0s)

